TN:
SF:src/apiClient.ts
FN:31,(anonymous_0)
FN:36,(anonymous_1)
FN:43,(anonymous_2)
FN:55,(anonymous_3)
FN:60,(anonymous_4)
FN:116,(anonymous_5)
FN:125,(anonymous_6)
FN:141,(anonymous_7)
FN:142,(anonymous_8)
FN:146,(anonymous_9)
FN:152,(anonymous_10)
FN:157,(anonymous_11)
FN:165,(anonymous_12)
FN:177,(anonymous_13)
FN:183,(anonymous_14)
FN:188,(anonymous_15)
FN:192,(anonymous_16)
FN:197,(anonymous_17)
FN:199,(anonymous_18)
FNF:19
FNH:0
FNDA:0,(anonymous_0)
FNDA:0,(anonymous_1)
FNDA:0,(anonymous_2)
FNDA:0,(anonymous_3)
FNDA:0,(anonymous_4)
FNDA:0,(anonymous_5)
FNDA:0,(anonymous_6)
FNDA:0,(anonymous_7)
FNDA:0,(anonymous_8)
FNDA:0,(anonymous_9)
FNDA:0,(anonymous_10)
FNDA:0,(anonymous_11)
FNDA:0,(anonymous_12)
FNDA:0,(anonymous_13)
FNDA:0,(anonymous_14)
FNDA:0,(anonymous_15)
FNDA:0,(anonymous_16)
FNDA:0,(anonymous_17)
FNDA:0,(anonymous_18)
DA:1,0
DA:3,0
DA:26,0
DA:32,0
DA:33,0
DA:37,0
DA:38,0
DA:40,0
DA:44,0
DA:46,0
DA:56,0
DA:57,0
DA:64,0
DA:68,0
DA:69,0
DA:70,0
DA:77,0
DA:78,0
DA:79,0
DA:81,0
DA:82,0
DA:85,0
DA:90,0
DA:92,0
DA:93,0
DA:97,0
DA:98,0
DA:102,0
DA:103,0
DA:109,0
DA:110,0
DA:117,0
DA:118,0
DA:120,0
DA:122,0
DA:126,0
DA:128,0
DA:129,0
DA:131,0
DA:132,0
DA:134,0
DA:137,0
DA:142,0
DA:151,0
DA:152,0
DA:164,0
DA:165,0
DA:182,0
DA:183,0
DA:191,0
DA:192,0
DA:198,0
DA:199,0
LF:53
LH:0
BRDA:37,0,0,0
BRDA:69,1,0,0
BRDA:81,2,0,0
BRDA:92,3,0,0
BRDA:97,4,0,0
BRDA:102,5,0,0
BRDA:117,6,0,0
BRDA:120,7,0,0
BRDA:120,7,1,0
BRDA:120,7,2,0
BRDA:126,8,0,0
BRDA:126,8,1,0
BRDA:128,9,0,0
BRDA:132,10,0,0
BRDA:132,10,1,0
BRDA:137,11,0,0
BRDA:137,11,1,0
BRF:17
BRH:0
end_of_record
TN:
SF:src/config.ts
FN:14,(anonymous_0)
FN:18,(anonymous_1)
FN:25,(anonymous_2)
FN:36,(anonymous_3)
FN:40,(anonymous_4)
FN:44,(anonymous_5)
FN:46,(anonymous_6)
FN:58,registerConfigurationListener
FN:61,(anonymous_8)
FNF:9
FNH:0
FNDA:0,(anonymous_0)
FNDA:0,(anonymous_1)
FNDA:0,(anonymous_2)
FNDA:0,(anonymous_3)
FNDA:0,(anonymous_4)
FNDA:0,(anonymous_5)
FNDA:0,(anonymous_6)
FNDA:0,registerConfigurationListener
FNDA:0,(anonymous_8)
DA:1,0
DA:10,0
DA:15,0
DA:19,0
DA:20,0
DA:22,0
DA:26,0
DA:28,0
DA:37,0
DA:41,0
DA:45,0
DA:46,0
DA:47,0
DA:50,0
DA:52,0
DA:58,0
DA:59,0
DA:61,0
DA:62,0
DA:63,0
DA:64,0
DA:68,0
LF:22
LH:0
BRDA:19,0,0,0
BRDA:29,1,0,0
BRDA:29,1,1,0
BRDA:30,2,0,0
BRDA:30,2,1,0
BRDA:31,3,0,0
BRDA:31,3,1,0
BRDA:32,4,0,0
BRDA:32,4,1,0
BRDA:62,5,0,0
BRF:10
BRH:0
end_of_record
TN:
SF:src/extension.ts
FN:30,makeApiCall
FN:38,makeChatApiCall
FN:48,makeBugFixApiCall
FN:56,reindexProject
FN:74,(anonymous_4)
FN:91,(anonymous_5)
FN:95,(anonymous_6)
FN:110,(anonymous_7)
FN:129,(anonymous_8)
FN:165,(anonymous_9)
FN:213,(anonymous_10)
FN:241,(anonymous_11)
FN:260,(anonymous_12)
FN:266,(anonymous_13)
FN:278,(anonymous_14)
FN:630,activate
FN:657,(anonymous_16)
FN:658,(anonymous_17)
FN:670,checkBackendConnection
FN:683,(anonymous_19)
FN:696,(anonymous_20)
FN:722,(anonymous_21)
FN:730,(anonymous_22)
FN:741,(anonymous_23)
FN:758,(anonymous_24)
FN:775,(anonymous_25)
FN:792,(anonymous_26)
FN:817,(anonymous_27)
FN:842,(anonymous_28)
FN:863,(anonymous_29)
FN:871,(anonymous_30)
FN:889,getWebviewContent
FN:952,getBugFixWebviewContent
FN:1077,deactivate
FN:1084,startFileWatching
FN:1090,(anonymous_35)
FN:1109,(anonymous_36)
FN:1112,(anonymous_37)
FN:1127,(anonymous_38)
FN:1141,(anonymous_39)
FN:1154,(anonymous_40)
FN:1168,(anonymous_41)
FN:1185,(anonymous_42)
FN:1193,(anonymous_43)
FNF:44
FNH:0
FNDA:0,makeApiCall
FNDA:0,makeChatApiCall
FNDA:0,makeBugFixApiCall
FNDA:0,reindexProject
FNDA:0,(anonymous_4)
FNDA:0,(anonymous_5)
FNDA:0,(anonymous_6)
FNDA:0,(anonymous_7)
FNDA:0,(anonymous_8)
FNDA:0,(anonymous_9)
FNDA:0,(anonymous_10)
FNDA:0,(anonymous_11)
FNDA:0,(anonymous_12)
FNDA:0,(anonymous_13)
FNDA:0,(anonymous_14)
FNDA:0,activate
FNDA:0,(anonymous_16)
FNDA:0,(anonymous_17)
FNDA:0,checkBackendConnection
FNDA:0,(anonymous_19)
FNDA:0,(anonymous_20)
FNDA:0,(anonymous_21)
FNDA:0,(anonymous_22)
FNDA:0,(anonymous_23)
FNDA:0,(anonymous_24)
FNDA:0,(anonymous_25)
FNDA:0,(anonymous_26)
FNDA:0,(anonymous_27)
FNDA:0,(anonymous_28)
FNDA:0,(anonymous_29)
FNDA:0,(anonymous_30)
FNDA:0,getWebviewContent
FNDA:0,getBugFixWebviewContent
FNDA:0,deactivate
FNDA:0,startFileWatching
FNDA:0,(anonymous_35)
FNDA:0,(anonymous_36)
FNDA:0,(anonymous_37)
FNDA:0,(anonymous_38)
FNDA:0,(anonymous_39)
FNDA:0,(anonymous_40)
FNDA:0,(anonymous_41)
FNDA:0,(anonymous_42)
FNDA:0,(anonymous_43)
DA:1,0
DA:2,0
DA:3,0
DA:4,0
DA:5,0
DA:7,0
DA:8,0
DA:13,0
DA:23,0
DA:26,0
DA:31,0
DA:39,0
DA:49,0
DA:57,0
DA:58,0
DA:59,0
DA:62,0
DA:63,0
DA:64,0
DA:65,0
DA:68,0
DA:69,0
DA:70,0
DA:75,0
DA:79,0
DA:81,0
DA:83,0
DA:88,0
DA:91,0
DA:92,0
DA:100,0
DA:101,0
DA:103,0
DA:108,0
DA:110,0
DA:111,0
DA:112,0
DA:114,0
DA:115,0
DA:116,0
DA:118,0
DA:120,0
DA:121,0
DA:123,0
DA:124,0
DA:130,0
DA:131,0
DA:133,0
DA:135,0
DA:140,0
DA:142,0
DA:145,0
DA:146,0
DA:147,0
DA:148,0
DA:150,0
DA:151,0
DA:152,0
DA:153,0
DA:154,0
DA:155,0
DA:156,0
DA:159,0
DA:161,0
DA:165,0
DA:173,0
DA:175,0
DA:177,0
DA:182,0
DA:185,0
DA:186,0
DA:187,0
DA:188,0
DA:190,0
DA:193,0
DA:195,0
DA:198,0
DA:199,0
DA:200,0
DA:202,0
DA:207,0
DA:209,0
DA:214,0
DA:215,0
DA:216,0
DA:219,0
DA:223,0
DA:224,0
DA:226,0
DA:228,0
DA:229,0
DA:232,0
DA:235,0
DA:241,0
DA:242,0
DA:246,0
DA:247,0
DA:249,0
DA:252,0
DA:254,0
DA:255,0
DA:261,0
DA:262,0
DA:263,0
DA:267,0
DA:268,0
DA:269,0
DA:274,0
DA:279,0
DA:280,0
DA:630,0
DA:631,0
DA:634,0
DA:635,0
DA:638,0
DA:641,0
DA:642,0
DA:645,0
DA:648,0
DA:651,0
DA:654,0
DA:657,0
DA:658,0
DA:659,0
DA:660,0
DA:662,0
DA:663,0
DA:664,0
DA:671,0
DA:673,0
DA:674,0
DA:677,0
DA:679,0
DA:680,0
DA:684,0
DA:685,0
DA:686,0
DA:687,0
DA:690,0
DA:691,0
DA:696,0
DA:697,0
DA:698,0
DA:699,0
DA:700,0
DA:703,0
DA:704,0
DA:706,0
DA:707,0
DA:708,0
DA:711,0
DA:716,0
DA:718,0
DA:723,0
DA:729,0
DA:730,0
DA:731,0
DA:733,0
DA:735,0
DA:741,0
DA:742,0
DA:743,0
DA:744,0
DA:745,0
DA:748,0
DA:749,0
DA:750,0
DA:751,0
DA:754,0
DA:759,0
DA:760,0
DA:766,0
DA:767,0
DA:769,0
DA:775,0
DA:776,0
DA:777,0
DA:778,0
DA:779,0
DA:782,0
DA:783,0
DA:784,0
DA:785,0
DA:788,0
DA:793,0
DA:794,0
DA:800,0
DA:802,0
DA:803,0
DA:805,0
DA:806,0
DA:807,0
DA:809,0
DA:811,0
DA:817,0
DA:818,0
DA:819,0
DA:820,0
DA:821,0
DA:824,0
DA:825,0
DA:826,0
DA:827,0
DA:828,0
DA:831,0
DA:836,0
DA:838,0
DA:843,0
DA:849,0
DA:850,0
DA:857,0
DA:863,0
DA:864,0
DA:865,0
DA:866,0
DA:871,0
DA:872,0
DA:876,0
DA:885,0
DA:890,0
DA:953,0
DA:1077,0
DA:1078,0
DA:1079,0
DA:1085,0
DA:1086,0
DA:1088,0
DA:1090,0
DA:1092,0
DA:1094,0
DA:1109,0
DA:1111,0
DA:1112,0
DA:1113,0
DA:1114,0
DA:1119,0
DA:1121,0
DA:1127,0
DA:1128,0
DA:1137,0
DA:1138,0
DA:1140,0
DA:1142,0
DA:1144,0
DA:1145,0
DA:1154,0
DA:1155,0
DA:1164,0
DA:1165,0
DA:1167,0
DA:1169,0
DA:1171,0
DA:1172,0
DA:1173,0
DA:1175,0
DA:1176,0
DA:1185,0
DA:1186,0
DA:1187,0
DA:1189,0
DA:1190,0
DA:1192,0
DA:1193,0
DA:1194,0
DA:1196,0
DA:1198,0
LF:266
LH:0
BRDA:57,0,0,0
BRDA:63,1,0,0
BRDA:112,2,0,0
BRDA:112,2,1,0
BRDA:112,2,2,0
BRDA:115,3,0,0
BRDA:131,4,0,0
BRDA:150,5,0,0
BRDA:175,6,0,0
BRDA:175,6,1,0
BRDA:175,7,0,0
BRDA:175,7,1,0
BRDA:185,8,0,0
BRDA:185,8,1,0
BRDA:185,9,0,0
BRDA:185,9,1,0
BRDA:195,10,0,0
BRDA:195,10,1,0
BRDA:199,11,0,0
BRDA:199,11,1,0
BRDA:268,12,0,0
BRDA:268,12,1,0
BRDA:662,13,0,0
BRDA:662,13,1,0
BRDA:673,14,0,0
BRDA:679,15,0,0
BRDA:679,15,1,0
BRDA:684,16,0,0
BRDA:684,16,1,0
BRDA:686,17,0,0
BRDA:690,18,0,0
BRDA:698,19,0,0
BRDA:706,20,0,0
BRDA:716,21,0,0
BRDA:729,22,0,0
BRDA:729,22,1,0
BRDA:729,23,0,0
BRDA:729,23,1,0
BRDA:735,24,0,0
BRDA:735,24,1,0
BRDA:743,25,0,0
BRDA:749,26,0,0
BRDA:766,27,0,0
BRDA:766,27,1,0
BRDA:766,28,0,0
BRDA:766,28,1,0
BRDA:769,29,0,0
BRDA:769,29,1,0
BRDA:777,30,0,0
BRDA:783,31,0,0
BRDA:800,32,0,0
BRDA:800,32,1,0
BRDA:800,33,0,0
BRDA:800,33,1,0
BRDA:811,34,0,0
BRDA:811,34,1,0
BRDA:819,35,0,0
BRDA:826,36,0,0
BRDA:836,37,0,0
BRDA:849,38,0,0
BRDA:849,38,1,0
BRDA:849,39,0,0
BRDA:849,39,1,0
BRDA:857,40,0,0
BRDA:857,40,1,0
BRDA:865,41,0,0
BRDA:1078,42,0,0
BRDA:1086,43,0,0
BRDA:1113,44,0,0
BRDA:1142,45,0,0
BRDA:1169,46,0,0
BRDA:1169,46,1,0
BRDA:1187,47,0,0
BRDA:1192,48,0,0
BRDA:1192,48,1,0
BRF:75
BRH:0
end_of_record
